<?xml version="1.0" encoding="UTF-8"?>
<testng-results ignored="0" total="1" passed="1" failed="0" skipped="0">
  <reporter-output>
  </reporter-output>
  <suite started-at="2021-09-21T00:14:02 IST" name="Default suite" finished-at="2021-09-21T00:14:08 IST" duration-ms="6605">
    <groups>
    </groups>
    <test started-at="2021-09-21T00:14:02 IST" name="Default test" finished-at="2021-09-21T00:14:08 IST" duration-ms="6605">
      <class name="IOS.iosRetail.EscalationTest">
        <test-method signature="escalation()[pri:0, instance:IOS.iosRetail.EscalationTest@6497b078]" started-at="2021-09-21T00:14:02 IST" name="escalation" finished-at="2021-09-21T00:14:08 IST" duration-ms="6536" status="PASS">
          <reporter-output>
          </reporter-output>
        </test-method> <!-- escalation -->
      </class> <!-- IOS.iosRetail.EscalationTest -->
    </test> <!-- Default test -->
  </suite> <!-- Default suite -->
</testng-results>
