<?xml version="1.0" encoding="UTF-8"?>
<!-- Generated by org.testng.reporters.JUnitXMLReporter -->
<testsuite ignored="0" hostname="ABIMOHAN" failures="0" tests="8" name="Smoke" time="0.19" errors="0" timestamp="2021-09-20T20:32:36 IST">
  <testcase classname="IOS.iosRetail.SubOrderTest" name="subOrder" time="0.014"/>
  <testcase classname="IOS.iosRetail.VlanInfoTest" name="vlanInfo" time="0.0"/>
  <testcase classname="IOS.iosRetail.QuickSearchTest" name="orderSearch" time="0.002"/>
  <testcase classname="IOS.iosRetail.StatusTest" name="status" time="0.0"/>
  <testcase classname="IOS.iosRetail.SummaryTest" name="summary" time="0.001"/>
  <testcase classname="IOS.iosRetail.EscalationTest" name="escalation" time="0.0"/>
  <testcase classname="IOS.iosRetail.IOSInquiriesTest" name="iosInquiries" time="0.001"/>
  <testcase classname="IOS.iosRetail.HITSInquiriesTest" name="hitsInquiries" time="0.0"/>
</testsuite> <!-- Smoke -->
