<?xml version="1.0" encoding="UTF-8"?>
<!-- Generated by org.testng.reporters.JUnitXMLReporter -->
<testsuite ignored="0" hostname="ABIMOHAN" failures="0" tests="6" name="Regression" time="0.047" errors="0" timestamp="2021-09-14T23:28:43 IST">
  <testcase classname="IOS.iosRetail.HITSInquiriesTest" name="hitsInquiries" time="0.002"/>
  <testcase classname="IOS.iosRetail.TechnicalInfoTest" name="technicalInfo" time="0.002"/>
  <testcase classname="IOS.iosRetail.RemindersTest" name="reminders" time="0.004"/>
  <testcase classname="IOS.iosRetail.EscalationTest" name="escalation" time="0.002"/>
  <testcase classname="IOS.iosRetail.RelatedOrderTest" name="relatedOrder" time="0.002"/>
  <testcase classname="IOS.iosRetail.OSMInquiriesTest" name="osmInquiries" time="0.002"/>
</testsuite> <!-- Regression -->
