<?xml version="1.0" encoding="UTF-8"?>
<testng-results ignored="0" total="12" passed="12" failed="0" skipped="0">
  <reporter-output>
  </reporter-output>
  <suite started-at="2021-09-14T00:06:42 IST" name="Suite" finished-at="2021-09-14T00:06:42 IST" duration-ms="97">
    <groups>
    </groups>
    <test started-at="2021-09-14T00:06:42 IST" name="Test" finished-at="2021-09-14T00:06:42 IST" duration-ms="97">
      <class name="IOS.iosRetail.RemindersTest">
        <test-method signature="reminders()[pri:0, instance:IOS.iosRetail.RemindersTest@152aa092]" started-at="2021-09-14T00:06:42 IST" name="reminders" finished-at="2021-09-14T00:06:42 IST" duration-ms="1" status="PASS">
          <reporter-output>
          </reporter-output>
        </test-method> <!-- reminders -->
      </class> <!-- IOS.iosRetail.RemindersTest -->
      <class name="IOS.iosRetail.HITSInquiriesTest">
        <test-method signature="hitsInquiries()[pri:0, instance:IOS.iosRetail.HITSInquiriesTest@5f16132a]" started-at="2021-09-14T00:06:42 IST" name="hitsInquiries" finished-at="2021-09-14T00:06:42 IST" duration-ms="7" status="PASS">
          <reporter-output>
          </reporter-output>
        </test-method> <!-- hitsInquiries -->
      </class> <!-- IOS.iosRetail.HITSInquiriesTest -->
      <class name="IOS.iosRetail.SubOrderTest">
        <test-method signature="subOrder()[pri:0, instance:IOS.iosRetail.SubOrderTest@37858383]" started-at="2021-09-14T00:06:42 IST" name="subOrder" finished-at="2021-09-14T00:06:42 IST" duration-ms="0" status="PASS">
          <reporter-output>
          </reporter-output>
        </test-method> <!-- subOrder -->
      </class> <!-- IOS.iosRetail.SubOrderTest -->
      <class name="IOS.iosRetail.RelatedOrderTest">
        <test-method signature="relatedOrder()[pri:0, instance:IOS.iosRetail.RelatedOrderTest@4ef37659]" started-at="2021-09-14T00:06:42 IST" name="relatedOrder" finished-at="2021-09-14T00:06:42 IST" duration-ms="0" status="PASS">
          <reporter-output>
          </reporter-output>
        </test-method> <!-- relatedOrder -->
      </class> <!-- IOS.iosRetail.RelatedOrderTest -->
      <class name="IOS.iosRetail.OSMInquiriesTest">
        <test-method signature="osmInquiries()[pri:0, instance:IOS.iosRetail.OSMInquiriesTest@776b83cc]" started-at="2021-09-14T00:06:42 IST" name="osmInquiries" finished-at="2021-09-14T00:06:42 IST" duration-ms="1" status="PASS">
          <reporter-output>
          </reporter-output>
        </test-method> <!-- osmInquiries -->
      </class> <!-- IOS.iosRetail.OSMInquiriesTest -->
      <class name="IOS.iosRetail.EscalationTest">
        <test-method signature="escalation()[pri:0, instance:IOS.iosRetail.EscalationTest@44a7bfbc]" started-at="2021-09-14T00:06:42 IST" name="escalation" finished-at="2021-09-14T00:06:42 IST" duration-ms="1" status="PASS">
          <reporter-output>
          </reporter-output>
        </test-method> <!-- escalation -->
      </class> <!-- IOS.iosRetail.EscalationTest -->
      <class name="IOS.iosRetail.TechnicalInfoTest">
        <test-method signature="technicalInfo()[pri:0, instance:IOS.iosRetail.TechnicalInfoTest@524d6d96]" started-at="2021-09-14T00:06:42 IST" name="technicalInfo" finished-at="2021-09-14T00:06:42 IST" duration-ms="1" status="PASS">
          <reporter-output>
          </reporter-output>
        </test-method> <!-- technicalInfo -->
      </class> <!-- IOS.iosRetail.TechnicalInfoTest -->
      <class name="IOS.iosRetail.VlanInfoTest">
        <test-method signature="vlanInfo()[pri:0, instance:IOS.iosRetail.VlanInfoTest@306cf3ea]" started-at="2021-09-14T00:06:42 IST" name="vlanInfo" finished-at="2021-09-14T00:06:42 IST" duration-ms="0" status="PASS">
          <reporter-output>
          </reporter-output>
        </test-method> <!-- vlanInfo -->
      </class> <!-- IOS.iosRetail.VlanInfoTest -->
      <class name="IOS.iosRetail.StatusTest">
        <test-method signature="status()[pri:0, instance:IOS.iosRetail.StatusTest@5136d012]" started-at="2021-09-14T00:06:42 IST" name="status" finished-at="2021-09-14T00:06:42 IST" duration-ms="0" status="PASS">
          <reporter-output>
          </reporter-output>
        </test-method> <!-- status -->
      </class> <!-- IOS.iosRetail.StatusTest -->
      <class name="IOS.iosRetail.IOSInquiriesTest">
        <test-method signature="iosInquiries()[pri:0, instance:IOS.iosRetail.IOSInquiriesTest@e1de817]" started-at="2021-09-14T00:06:42 IST" name="iosInquiries" finished-at="2021-09-14T00:06:42 IST" duration-ms="1" status="PASS">
          <reporter-output>
          </reporter-output>
        </test-method> <!-- iosInquiries -->
      </class> <!-- IOS.iosRetail.IOSInquiriesTest -->
      <class name="IOS.iosRetail.QuickSearchTest">
        <test-method signature="orderSearch()[pri:0, instance:IOS.iosRetail.QuickSearchTest@2beee7ff]" started-at="2021-09-14T00:06:42 IST" name="orderSearch" finished-at="2021-09-14T00:06:42 IST" duration-ms="1" status="PASS">
          <reporter-output>
          </reporter-output>
        </test-method> <!-- orderSearch -->
      </class> <!-- IOS.iosRetail.QuickSearchTest -->
      <class name="IOS.iosRetail.SummaryTest">
        <test-method signature="summary()[pri:0, instance:IOS.iosRetail.SummaryTest@5939a379]" started-at="2021-09-14T00:06:42 IST" name="summary" finished-at="2021-09-14T00:06:42 IST" duration-ms="0" status="PASS">
          <reporter-output>
          </reporter-output>
        </test-method> <!-- summary -->
      </class> <!-- IOS.iosRetail.SummaryTest -->
    </test> <!-- Test -->
  </suite> <!-- Suite -->
</testng-results>
