<?xml version="1.0" encoding="UTF-8"?>
<testsuite xmlns:xsi="http://www.w3.org/2001/XMLSchema-instance" xsi:noNamespaceSchemaLocation="https://maven.apache.org/surefire/maven-surefire-plugin/xsd/surefire-test-report-3.0.xsd" version="3.0" name="TestSuite" time="2.583" tests="8" errors="0" skipped="0" failures="1">
  <properties>
[...]
</properties>
  <testcase name="subOrder" classname="IOS.iosRetail.SubOrderTest" time="0.011">
    <system-out><![CDATA[subOrder TestCase
]]></system-out>
  </testcase>
  <testcase name="vlanInfo" classname="IOS.iosRetail.VlanInfoTest" time="0.001">
    <system-out><![CDATA[vlanInfo TestCase
]]></system-out>
  </testcase>
  <testcase name="orderSearch" classname="IOS.iosRetail.QuickSearchTest" time="0.001">
    <system-out><![CDATA[orderSearch TestCase
]]></system-out>
  </testcase>
  <testcase name="status" classname="IOS.iosRetail.StatusTest" time="0.001">
    <system-out><![CDATA[status TestCase
]]></system-out>
  </testcase>
  <testcase name="summary" classname="IOS.iosRetail.SummaryTest" time="0">
    <system-out><![CDATA[summary TestCase
]]></system-out>
  </testcase>
  <testcase name="escalation" classname="IOS.iosRetail.EscalationTest" time="0.014">
    <failure message="expected [false] but found [true]" type="java.lang.AssertionError"><![CDATA[java.lang.AssertionError: expected [false] but found [true]
	at IOS.iosRetail.EscalationTest.escalation(EscalationTest.java:11)
]]></failure>
    <system-out><![CDATA[escalation TestCase
]]></system-out>
  </testcase>
  <testcase name="iosInquiries" classname="IOS.iosRetail.IOSInquiriesTest" time="0.001">
    <system-out><![CDATA[iosInquiries TestCase
]]></system-out>
  </testcase>
  <testcase name="hitsInquiries" classname="IOS.iosRetail.HITSInquiriesTest" time="0.001">
    <system-out><![CDATA[hitsInquiries TestCase
]]></system-out>
  </testcase>
</testsuite>